TN:
SF:src/modules/appointments/services/CreateAppointmentService.ts
FN:83,__decorate
FN:83,__metadata
FN:83,__param
FN:83,__awaiter
FN:83,adopt
FN:83,fulfilled
FN:83,rejected
FN:83,step
FN:83,__generator
FN:83,sent
FN:83,g.<computed>
FN:83,verb
FN:83,step
FN:83,__importDefault
FN:19,CreateAppointmentService
FN:30,CreateAppointmentService.execute
FNF:16
FNH:14
FNDA:1,__decorate
FNDA:1,__metadata
FNDA:3,__param
FNDA:8,__awaiter
FNDA:8,adopt
FNDA:8,fulfilled
FNDA:0,rejected
FNDA:10,step
FNDA:8,__generator
FNDA:8,sent
FNDA:0,g.<computed>
FNDA:24,verb
FNDA:16,step
FNDA:1,__importDefault
FNDA:6,CreateAppointmentService
FNDA:8,CreateAppointmentService.execute
DA:1,1
DA:2,1
DA:3,1
DA:4,1
DA:5,1
DA:6,1
DA:7,1
DA:8,1
DA:9,1
DA:10,1
DA:11,1
DA:12,1
DA:13,1
DA:14,1
DA:15,1
DA:16,1
DA:17,1
DA:18,1
DA:19,1
DA:20,6
DA:21,6
DA:22,6
DA:23,6
DA:24,6
DA:25,6
DA:26,6
DA:27,6
DA:28,6
DA:29,1
DA:30,1
DA:31,8
DA:32,8
DA:33,8
DA:34,8
DA:35,8
DA:36,8
DA:37,8
DA:38,3
DA:39,3
DA:40,5
DA:41,8
DA:42,2
DA:43,2
DA:44,3
DA:45,8
DA:46,1
DA:47,1
DA:48,1
DA:49,1
DA:50,2
DA:51,2
DA:52,2
DA:53,2
DA:54,8
DA:55,8
DA:56,0
DA:57,0
DA:58,8
DA:59,8
DA:60,8
DA:61,8
DA:62,8
DA:63,8
DA:64,8
DA:65,8
DA:66,8
DA:67,8
DA:68,8
DA:69,8
DA:70,8
DA:71,8
DA:72,8
DA:73,8
DA:74,8
DA:75,8
DA:76,8
DA:77,8
DA:78,8
DA:79,8
DA:80,8
DA:81,1
DA:82,1
DA:83,1
LF:83
LH:81
BRDA:83,0,0,1
BRDA:83,1,0,1
BRDA:83,2,0,0
BRDA:83,3,0,0
BRDA:83,4,0,0
BRDA:83,5,0,0
BRDA:83,6,0,1
BRDA:83,7,0,3
BRDA:83,8,0,3
BRDA:83,9,0,8
BRDA:83,10,0,8
BRDA:83,11,0,0
BRDA:83,12,0,8
BRDA:83,13,0,8
BRDA:83,14,0,0
BRDA:83,15,0,10
BRDA:83,16,0,2
BRDA:83,17,0,8
BRDA:83,18,0,8
BRDA:83,19,0,8
BRDA:83,20,0,0
BRDA:83,21,0,24
BRDA:83,22,0,16
BRDA:83,23,0,16
BRDA:83,24,0,0
BRDA:83,25,0,32
BRDA:83,26,0,0
BRDA:83,27,0,0
BRDA:83,28,0,0
BRDA:83,29,0,0
BRDA:83,30,0,16
BRDA:83,31,0,16
BRDA:83,32,0,8
BRDA:83,33,0,0
BRDA:83,34,0,0
BRDA:83,35,0,8
BRDA:83,36,0,0
BRDA:83,37,0,2
BRDA:83,38,0,0
BRDA:83,39,0,0
BRDA:83,40,0,0
BRDA:83,41,0,0
BRDA:83,42,0,16
BRDA:83,43,0,10
BRDA:83,44,0,6
BRDA:83,45,0,16
BRDA:83,46,0,8
BRDA:83,47,0,6
BRDA:83,48,0,2
BRDA:83,49,0,0
BRDA:83,50,0,1
BRDA:83,51,0,0
BRDA:18,52,0,1
BRDA:19,53,0,6
BRDA:30,54,0,8
BRDA:83,55,0,8
BRDA:83,56,0,16
BRDA:83,57,0,8
BRDA:37,58,0,3
BRDA:39,59,0,5
BRDA:41,60,0,2
BRDA:43,61,0,3
BRDA:45,62,0,2
BRDA:45,63,0,1
BRDA:49,64,0,2
BRDA:83,65,0,2
BRDA:55,66,0,0
BRDA:83,67,0,2
BRDA:83,68,0,2
BRDA:83,69,0,2
BRF:70
BRH:48
end_of_record
TN:
SF:src/modules/appointments/services/ListProviderAppointmentsService.ts
FN:57,__decorate
FN:57,__metadata
FN:57,__param
FN:57,__awaiter
FN:57,adopt
FN:57,fulfilled
FN:57,rejected
FN:57,step
FN:57,__generator
FN:57,sent
FN:57,g.<computed>
FN:57,verb
FN:57,step
FN:18,ListProviderAppointmentsService
FN:26,ListProviderAppointmentsService.execute
FNF:15
FNH:13
FNDA:1,__decorate
FNDA:1,__metadata
FNDA:2,__param
FNDA:1,__awaiter
FNDA:3,adopt
FNDA:3,fulfilled
FNDA:0,rejected
FNDA:4,step
FNDA:1,__generator
FNDA:3,sent
FNDA:0,g.<computed>
FNDA:3,verb
FNDA:4,step
FNDA:1,ListProviderAppointmentsService
FNDA:1,ListProviderAppointmentsService.execute
DA:1,1
DA:2,1
DA:3,1
DA:4,1
DA:5,1
DA:6,1
DA:7,1
DA:8,1
DA:9,1
DA:10,1
DA:11,1
DA:12,1
DA:13,1
DA:14,1
DA:15,1
DA:16,1
DA:17,1
DA:18,1
DA:19,1
DA:20,1
DA:21,1
DA:22,1
DA:23,1
DA:24,1
DA:25,1
DA:26,1
DA:27,1
DA:28,1
DA:29,1
DA:30,1
DA:31,1
DA:32,1
DA:33,1
DA:34,1
DA:35,1
DA:36,1
DA:37,1
DA:38,1
DA:39,1
DA:40,1
DA:41,1
DA:42,1
DA:43,1
DA:44,1
DA:45,1
DA:46,1
DA:47,1
DA:48,1
DA:49,1
DA:50,1
DA:51,1
DA:52,1
DA:53,1
DA:54,1
DA:55,1
DA:56,1
DA:57,1
LF:57
LH:57
BRDA:57,0,0,1
BRDA:57,1,0,1
BRDA:57,2,0,0
BRDA:57,3,0,0
BRDA:57,4,0,0
BRDA:57,5,0,0
BRDA:57,6,0,1
BRDA:57,7,0,2
BRDA:57,8,0,2
BRDA:57,9,0,1
BRDA:57,10,0,3
BRDA:57,11,0,0
BRDA:57,12,0,1
BRDA:57,13,0,3
BRDA:57,14,0,0
BRDA:57,15,0,4
BRDA:57,16,0,1
BRDA:57,17,0,3
BRDA:57,18,0,1
BRDA:57,19,0,3
BRDA:57,20,0,0
BRDA:57,21,0,3
BRDA:57,22,0,4
BRDA:57,23,0,4
BRDA:57,24,0,0
BRDA:57,25,0,8
BRDA:57,26,0,0
BRDA:57,27,0,0
BRDA:57,28,0,0
BRDA:57,29,0,0
BRDA:57,30,0,4
BRDA:57,31,0,4
BRDA:57,32,0,3
BRDA:57,33,0,0
BRDA:57,34,0,0
BRDA:57,35,0,1
BRDA:57,36,0,0
BRDA:57,37,0,0
BRDA:57,38,0,0
BRDA:57,39,0,0
BRDA:57,40,0,0
BRDA:57,41,0,4
BRDA:57,42,0,0
BRDA:57,43,0,4
BRDA:57,44,0,1
BRDA:57,45,0,0
BRDA:57,46,0,1
BRDA:57,47,0,0
BRDA:17,48,0,1
BRDA:18,49,0,1
BRDA:26,50,0,1
BRDA:57,51,0,1
BRDA:57,52,0,4
BRDA:57,53,0,1
BRDA:57,54,0,1
BRDA:38,55,0,0
BRDA:57,56,0,1
BRDA:57,57,0,1
BRDA:53,58,0,1
BRF:59
BRH:36
end_of_record
TN:
SF:src/modules/appointments/services/ListProviderDayAvailabilityService.ts
FN:66,__decorate
FN:66,__metadata
FN:66,__param
FN:66,__awaiter
FN:66,adopt
FN:66,fulfilled
FN:66,rejected
FN:66,step
FN:66,__generator
FN:66,sent
FN:66,g.<computed>
FN:66,verb
FN:66,step
FN:20,ListProviderDayAvailabilityService
FN:25,ListProviderDayAvailabilityService.execute
FNF:15
FNH:13
FNDA:1,__decorate
FNDA:1,__metadata
FNDA:1,__param
FNDA:1,__awaiter
FNDA:1,adopt
FNDA:1,fulfilled
FNDA:0,rejected
FNDA:2,step
FNDA:1,__generator
FNDA:1,sent
FNDA:0,g.<computed>
FNDA:3,verb
FNDA:2,step
FNDA:1,ListProviderDayAvailabilityService
FNDA:1,ListProviderDayAvailabilityService.execute
DA:1,1
DA:2,1
DA:3,1
DA:4,1
DA:5,1
DA:6,1
DA:7,1
DA:8,1
DA:9,1
DA:10,1
DA:11,1
DA:12,1
DA:13,1
DA:14,1
DA:15,1
DA:16,1
DA:17,1
DA:18,1
DA:19,1
DA:20,1
DA:21,1
DA:22,1
DA:23,1
DA:24,1
DA:25,1
DA:26,1
DA:27,1
DA:28,1
DA:29,1
DA:30,1
DA:31,1
DA:32,1
DA:33,1
DA:34,1
DA:35,1
DA:36,1
DA:37,1
DA:38,1
DA:39,1
DA:40,1
DA:41,1
DA:42,1
DA:43,1
DA:44,1
DA:45,1
DA:46,1
DA:47,1
DA:48,1
DA:49,1
DA:50,10
DA:51,10
DA:52,10
DA:53,10
DA:54,10
DA:55,10
DA:56,10
DA:57,10
DA:58,10
DA:59,10
DA:60,1
DA:61,1
DA:62,1
DA:63,1
DA:64,1
DA:65,1
DA:66,1
LF:66
LH:66
BRDA:66,0,0,1
BRDA:66,1,0,1
BRDA:66,2,0,0
BRDA:66,3,0,0
BRDA:66,4,0,0
BRDA:66,5,0,0
BRDA:66,6,0,1
BRDA:66,7,0,1
BRDA:66,8,0,1
BRDA:66,9,0,1
BRDA:66,10,0,1
BRDA:66,11,0,0
BRDA:66,12,0,1
BRDA:66,13,0,1
BRDA:66,14,0,0
BRDA:66,15,0,2
BRDA:66,16,0,1
BRDA:66,17,0,1
BRDA:66,18,0,1
BRDA:66,19,0,1
BRDA:66,20,0,0
BRDA:66,21,0,3
BRDA:66,22,0,2
BRDA:66,23,0,2
BRDA:66,24,0,0
BRDA:66,25,0,4
BRDA:66,26,0,0
BRDA:66,27,0,0
BRDA:66,28,0,0
BRDA:66,29,0,0
BRDA:66,30,0,2
BRDA:66,31,0,2
BRDA:66,32,0,1
BRDA:66,33,0,0
BRDA:66,34,0,0
BRDA:66,35,0,1
BRDA:66,36,0,0
BRDA:66,37,0,0
BRDA:66,38,0,0
BRDA:66,39,0,0
BRDA:66,40,0,0
BRDA:66,41,0,2
BRDA:66,42,0,0
BRDA:66,43,0,2
BRDA:66,44,0,1
BRDA:66,45,0,0
BRDA:66,46,0,1
BRDA:66,47,0,0
BRDA:19,48,0,1
BRDA:20,49,0,1
BRDA:25,50,0,1
BRDA:66,51,0,1
BRDA:66,52,0,2
BRDA:31,53,0,1
BRDA:66,54,0,1
BRDA:44,55,0,10
BRDA:49,56,0,10
BRDA:58,57,0,8
BRDA:51,58,0,19
BRF:59
BRH:37
end_of_record
TN:
SF:src/modules/appointments/services/ListProvidersMonthAvailabilityService.ts
FN:61,__decorate
FN:61,__metadata
FN:61,__param
FN:61,__awaiter
FN:61,adopt
FN:61,fulfilled
FN:61,rejected
FN:61,step
FN:61,__generator
FN:61,sent
FN:61,g.<computed>
FN:61,verb
FN:61,step
FN:21,ListProviderMonthAvailabilityService
FN:26,ListProviderMonthAvailabilityService.execute
FNF:15
FNH:13
FNDA:1,__decorate
FNDA:1,__metadata
FNDA:1,__param
FNDA:1,__awaiter
FNDA:1,adopt
FNDA:1,fulfilled
FNDA:0,rejected
FNDA:2,step
FNDA:1,__generator
FNDA:1,sent
FNDA:0,g.<computed>
FNDA:3,verb
FNDA:2,step
FNDA:1,ListProviderMonthAvailabilityService
FNDA:1,ListProviderMonthAvailabilityService.execute
DA:1,1
DA:2,1
DA:3,1
DA:4,1
DA:5,1
DA:6,1
DA:7,1
DA:8,1
DA:9,1
DA:10,1
DA:11,1
DA:12,1
DA:13,1
DA:14,1
DA:15,1
DA:16,1
DA:17,1
DA:18,1
DA:19,1
DA:20,1
DA:21,1
DA:22,1
DA:23,1
DA:24,1
DA:25,1
DA:26,1
DA:27,1
DA:28,1
DA:29,1
DA:30,1
DA:31,1
DA:32,1
DA:33,1
DA:34,1
DA:35,1
DA:36,1
DA:37,1
DA:38,1
DA:39,1
DA:40,1
DA:41,1
DA:42,1
DA:43,1
DA:44,1
DA:45,1
DA:46,1
DA:47,31
DA:48,341
DA:49,31
DA:50,31
DA:51,31
DA:52,31
DA:53,31
DA:54,31
DA:55,1
DA:56,1
DA:57,1
DA:58,1
DA:59,1
DA:60,1
DA:61,1
LF:61
LH:61
BRDA:61,0,0,1
BRDA:61,1,0,1
BRDA:61,2,0,0
BRDA:61,3,0,0
BRDA:61,4,0,0
BRDA:61,5,0,0
BRDA:61,6,0,1
BRDA:61,7,0,1
BRDA:61,8,0,1
BRDA:61,9,0,1
BRDA:61,10,0,1
BRDA:61,11,0,0
BRDA:61,12,0,1
BRDA:61,13,0,1
BRDA:61,14,0,0
BRDA:61,15,0,2
BRDA:61,16,0,1
BRDA:61,17,0,1
BRDA:61,18,0,1
BRDA:61,19,0,1
BRDA:61,20,0,0
BRDA:61,21,0,3
BRDA:61,22,0,2
BRDA:61,23,0,2
BRDA:61,24,0,0
BRDA:61,25,0,4
BRDA:61,26,0,0
BRDA:61,27,0,0
BRDA:61,28,0,0
BRDA:61,29,0,0
BRDA:61,30,0,2
BRDA:61,31,0,2
BRDA:61,32,0,1
BRDA:61,33,0,0
BRDA:61,34,0,0
BRDA:61,35,0,1
BRDA:61,36,0,0
BRDA:61,37,0,0
BRDA:61,38,0,0
BRDA:61,39,0,0
BRDA:61,40,0,0
BRDA:61,41,0,2
BRDA:61,42,0,0
BRDA:61,43,0,2
BRDA:61,44,0,1
BRDA:61,45,0,0
BRDA:61,46,0,1
BRDA:61,47,0,0
BRDA:20,48,0,1
BRDA:21,49,0,1
BRDA:26,50,0,1
BRDA:61,51,0,1
BRDA:61,52,0,2
BRDA:31,53,0,1
BRDA:61,54,0,1
BRDA:43,55,0,31
BRDA:46,56,0,31
BRDA:47,57,0,341
BRF:58
BRH:36
end_of_record
TN:
SF:src/modules/appointments/services/ListProvidersService.ts
FN:44,__decorate
FN:44,__metadata
FN:44,__param
FN:44,__awaiter
FN:44,adopt
FN:44,fulfilled
FN:44,rejected
FN:44,step
FN:44,__generator
FN:44,sent
FN:44,g.<computed>
FN:44,verb
FN:44,step
FN:15,ListProvidersService
FN:23,ListProvidersService.execute
FNF:15
FNH:13
FNDA:1,__decorate
FNDA:1,__metadata
FNDA:2,__param
FNDA:1,__awaiter
FNDA:3,adopt
FNDA:3,fulfilled
FNDA:0,rejected
FNDA:4,step
FNDA:1,__generator
FNDA:3,sent
FNDA:0,g.<computed>
FNDA:3,verb
FNDA:4,step
FNDA:1,ListProvidersService
FNDA:1,ListProvidersService.execute
DA:1,1
DA:2,1
DA:3,1
DA:4,1
DA:5,1
DA:6,1
DA:7,1
DA:8,1
DA:9,1
DA:10,1
DA:11,1
DA:12,1
DA:13,1
DA:14,1
DA:15,1
DA:16,1
DA:17,1
DA:18,1
DA:19,1
DA:20,1
DA:21,1
DA:22,1
DA:23,1
DA:24,1
DA:25,1
DA:26,1
DA:27,1
DA:28,1
DA:29,1
DA:30,1
DA:31,1
DA:32,1
DA:33,1
DA:34,1
DA:35,1
DA:36,1
DA:37,1
DA:38,1
DA:39,1
DA:40,1
DA:41,1
DA:42,1
DA:43,1
DA:44,1
LF:44
LH:44
BRDA:44,0,0,1
BRDA:44,1,0,1
BRDA:44,2,0,0
BRDA:44,3,0,0
BRDA:44,4,0,0
BRDA:44,5,0,0
BRDA:44,6,0,1
BRDA:44,7,0,2
BRDA:44,8,0,2
BRDA:44,9,0,1
BRDA:44,10,0,3
BRDA:44,11,0,0
BRDA:44,12,0,1
BRDA:44,13,0,3
BRDA:44,14,0,0
BRDA:44,15,0,4
BRDA:44,16,0,1
BRDA:44,17,0,3
BRDA:44,18,0,1
BRDA:44,19,0,3
BRDA:44,20,0,0
BRDA:44,21,0,3
BRDA:44,22,0,4
BRDA:44,23,0,4
BRDA:44,24,0,0
BRDA:44,25,0,8
BRDA:44,26,0,0
BRDA:44,27,0,0
BRDA:44,28,0,0
BRDA:44,29,0,0
BRDA:44,30,0,4
BRDA:44,31,0,4
BRDA:44,32,0,3
BRDA:44,33,0,0
BRDA:44,34,0,0
BRDA:44,35,0,1
BRDA:44,36,0,0
BRDA:44,37,0,0
BRDA:44,38,0,0
BRDA:44,39,0,0
BRDA:44,40,0,0
BRDA:44,41,0,4
BRDA:44,42,0,0
BRDA:44,43,0,4
BRDA:44,44,0,1
BRDA:44,45,0,0
BRDA:44,46,0,1
BRDA:44,47,0,0
BRDA:14,48,0,1
BRDA:15,49,0,1
BRDA:23,50,0,1
BRDA:44,51,0,1
BRDA:44,52,0,4
BRDA:24,53,0,1
BRDA:44,54,0,1
BRDA:28,55,0,0
BRDA:44,56,0,1
BRDA:44,57,0,1
BRDA:40,58,0,1
BRF:59
BRH:36
end_of_record
TN:
SF:src/modules/users/services/AuthenticateUserService.ts
FN:61,__decorate
FN:61,__metadata
FN:61,__param
FN:61,__awaiter
FN:61,adopt
FN:61,fulfilled
FN:61,rejected
FN:61,step
FN:61,__generator
FN:61,sent
FN:61,g.<computed>
FN:61,verb
FN:61,step
FN:61,__importDefault
FN:23,AuthenticateUserService
FN:31,AuthenticateUserService.execute
FNF:16
FNH:14
FNDA:1,__decorate
FNDA:1,__metadata
FNDA:2,__param
FNDA:3,__awaiter
FNDA:5,adopt
FNDA:5,fulfilled
FNDA:0,rejected
FNDA:6,step
FNDA:3,__generator
FNDA:5,sent
FNDA:0,g.<computed>
FNDA:9,verb
FNDA:8,step
FNDA:2,__importDefault
FNDA:3,AuthenticateUserService
FNDA:3,AuthenticateUserService.execute
DA:1,1
DA:2,1
DA:3,1
DA:4,1
DA:5,1
DA:6,1
DA:7,1
DA:8,1
DA:9,1
DA:10,1
DA:11,1
DA:12,1
DA:13,1
DA:14,1
DA:15,1
DA:16,1
DA:17,1
DA:18,1
DA:19,1
DA:20,1
DA:21,1
DA:22,1
DA:23,1
DA:24,3
DA:25,3
DA:26,3
DA:27,3
DA:28,3
DA:29,3
DA:30,1
DA:31,1
DA:32,3
DA:33,3
DA:34,3
DA:35,1
DA:36,1
DA:37,2
DA:38,2
DA:39,2
DA:40,2
DA:41,2
DA:42,3
DA:43,3
DA:44,1
DA:45,1
DA:46,1
DA:47,1
DA:48,1
DA:49,1
DA:50,1
DA:51,1
DA:52,1
DA:53,1
DA:54,1
DA:55,1
DA:56,1
DA:57,1
DA:58,3
DA:59,1
DA:60,1
DA:61,1
LF:61
LH:61
BRDA:61,0,0,1
BRDA:61,1,0,1
BRDA:61,2,0,0
BRDA:61,3,0,0
BRDA:61,4,0,0
BRDA:61,5,0,0
BRDA:61,6,0,1
BRDA:61,7,0,2
BRDA:61,8,0,2
BRDA:61,9,0,3
BRDA:61,10,0,5
BRDA:61,11,0,0
BRDA:61,12,0,3
BRDA:61,13,0,5
BRDA:61,14,0,3
BRDA:61,15,0,2
BRDA:61,16,0,6
BRDA:61,17,0,1
BRDA:61,18,0,5
BRDA:61,19,0,3
BRDA:61,20,0,5
BRDA:61,21,0,0
BRDA:61,22,0,9
BRDA:61,23,0,8
BRDA:61,24,0,8
BRDA:61,25,0,0
BRDA:61,26,0,16
BRDA:61,27,0,0
BRDA:61,28,0,0
BRDA:61,29,0,0
BRDA:61,30,0,0
BRDA:61,31,0,8
BRDA:61,32,0,8
BRDA:61,33,0,5
BRDA:61,34,0,0
BRDA:61,35,0,0
BRDA:61,36,0,3
BRDA:61,37,0,0
BRDA:61,38,0,1
BRDA:61,39,0,0
BRDA:61,40,0,0
BRDA:61,41,0,0
BRDA:61,42,0,0
BRDA:61,43,0,8
BRDA:61,44,0,6
BRDA:61,45,0,2
BRDA:61,46,0,8
BRDA:61,47,0,3
BRDA:61,48,0,2
BRDA:61,49,0,1
BRDA:61,50,0,0
BRDA:61,51,0,2
BRDA:61,52,0,0
BRDA:22,53,0,1
BRDA:23,54,0,3
BRDA:31,55,0,3
BRDA:61,56,0,3
BRDA:61,57,0,8
BRDA:32,58,0,3
BRDA:61,59,0,3
BRDA:34,60,0,1
BRDA:36,61,0,2
BRDA:61,62,0,2
BRDA:43,63,0,1
BRF:64
BRH:44
end_of_record
TN:
SF:src/modules/users/services/CreateUserService.ts
FN:50,__decorate
FN:50,__metadata
FN:50,__param
FN:50,__awaiter
FN:50,adopt
FN:50,fulfilled
FN:50,rejected
FN:50,step
FN:50,__generator
FN:50,sent
FN:50,g.<computed>
FN:50,verb
FN:50,step
FN:50,__importDefault
FN:18,CreateUserService
FN:29,CreateUserService.execute
FNF:16
FNH:14
FNDA:1,__decorate
FNDA:1,__metadata
FNDA:3,__param
FNDA:3,__awaiter
FNDA:9,adopt
FNDA:9,fulfilled
FNDA:0,rejected
FNDA:11,step
FNDA:3,__generator
FNDA:9,sent
FNDA:0,g.<computed>
FNDA:9,verb
FNDA:12,step
FNDA:1,__importDefault
FNDA:2,CreateUserService
FNDA:3,CreateUserService.execute
DA:1,1
DA:2,1
DA:3,1
DA:4,1
DA:5,1
DA:6,1
DA:7,1
DA:8,1
DA:9,1
DA:10,1
DA:11,1
DA:12,1
DA:13,1
DA:14,1
DA:15,1
DA:16,1
DA:17,1
DA:18,1
DA:19,2
DA:20,2
DA:21,2
DA:22,2
DA:23,2
DA:24,2
DA:25,2
DA:26,2
DA:27,2
DA:28,1
DA:29,1
DA:30,3
DA:31,3
DA:32,3
DA:33,1
DA:34,1
DA:35,2
DA:36,2
DA:37,3
DA:38,3
DA:39,3
DA:40,3
DA:41,3
DA:42,3
DA:43,3
DA:44,3
DA:45,3
DA:46,3
DA:47,3
DA:48,1
DA:49,1
DA:50,1
LF:50
LH:50
BRDA:50,0,0,1
BRDA:50,1,0,1
BRDA:50,2,0,0
BRDA:50,3,0,0
BRDA:50,4,0,0
BRDA:50,5,0,0
BRDA:50,6,0,1
BRDA:50,7,0,3
BRDA:50,8,0,3
BRDA:50,9,0,3
BRDA:50,10,0,9
BRDA:50,11,0,0
BRDA:50,12,0,3
BRDA:50,13,0,9
BRDA:50,14,0,8
BRDA:50,15,0,1
BRDA:50,16,0,11
BRDA:50,17,0,2
BRDA:50,18,0,9
BRDA:50,19,0,3
BRDA:50,20,0,9
BRDA:50,21,0,0
BRDA:50,22,0,9
BRDA:50,23,0,12
BRDA:50,24,0,12
BRDA:50,25,0,0
BRDA:50,26,0,24
BRDA:50,27,0,0
BRDA:50,28,0,0
BRDA:50,29,0,0
BRDA:50,30,0,0
BRDA:50,31,0,12
BRDA:50,32,0,12
BRDA:50,33,0,9
BRDA:50,34,0,0
BRDA:50,35,0,0
BRDA:50,36,0,3
BRDA:50,37,0,0
BRDA:50,38,0,2
BRDA:50,39,0,0
BRDA:50,40,0,0
BRDA:50,41,0,0
BRDA:50,42,0,0
BRDA:50,43,0,12
BRDA:50,44,0,11
BRDA:50,45,0,1
BRDA:50,46,0,12
BRDA:50,47,0,3
BRDA:50,48,0,1
BRDA:50,49,0,2
BRDA:50,50,0,0
BRDA:50,51,0,1
BRDA:50,52,0,0
BRDA:17,53,0,1
BRDA:18,54,0,2
BRDA:29,55,0,3
BRDA:50,56,0,3
BRDA:50,57,0,12
BRDA:30,58,0,3
BRDA:50,59,0,3
BRDA:32,60,0,1
BRDA:34,61,0,2
BRDA:50,62,0,2
BRDA:50,63,0,2
BRDA:50,64,0,2
BRF:65
BRH:45
end_of_record
TN:
SF:src/modules/users/services/ResetPasswordService.ts
FN:53,__decorate
FN:53,__metadata
FN:53,__param
FN:53,__awaiter
FN:53,adopt
FN:53,fulfilled
FN:53,rejected
FN:53,step
FN:53,__generator
FN:53,sent
FN:53,g.<computed>
FN:53,verb
FN:53,step
FN:53,__importDefault
FN:16,ResetPasswordService
FN:27,ResetPasswordService.execute
FNF:16
FNH:14
FNDA:1,__decorate
FNDA:1,__metadata
FNDA:3,__param
FNDA:4,__awaiter
FNDA:9,adopt
FNDA:9,fulfilled
FNDA:0,rejected
FNDA:10,step
FNDA:4,__generator
FNDA:9,sent
FNDA:0,g.<computed>
FNDA:12,verb
FNDA:13,step
FNDA:1,__importDefault
FNDA:4,ResetPasswordService
FNDA:4,ResetPasswordService.execute
DA:1,1
DA:2,1
DA:3,1
DA:4,1
DA:5,1
DA:6,1
DA:7,1
DA:8,1
DA:9,1
DA:10,1
DA:11,1
DA:12,1
DA:13,1
DA:14,1
DA:15,1
DA:16,1
DA:17,4
DA:18,4
DA:19,4
DA:20,4
DA:21,4
DA:22,4
DA:23,4
DA:24,4
DA:25,4
DA:26,1
DA:27,1
DA:28,4
DA:29,4
DA:30,4
DA:31,1
DA:32,1
DA:33,3
DA:34,3
DA:35,4
DA:36,4
DA:37,1
DA:38,1
DA:39,2
DA:40,2
DA:41,2
DA:42,2
DA:43,4
DA:44,1
DA:45,1
DA:46,1
DA:47,1
DA:48,4
DA:49,4
DA:50,4
DA:51,1
DA:52,1
DA:53,1
LF:53
LH:53
BRDA:53,0,0,1
BRDA:53,1,0,1
BRDA:53,2,0,0
BRDA:53,3,0,0
BRDA:53,4,0,0
BRDA:53,5,0,0
BRDA:53,6,0,1
BRDA:53,7,0,3
BRDA:53,8,0,3
BRDA:53,9,0,4
BRDA:53,10,0,9
BRDA:53,11,0,0
BRDA:53,12,0,4
BRDA:53,13,0,9
BRDA:53,14,0,6
BRDA:53,15,0,3
BRDA:53,16,0,10
BRDA:53,17,0,1
BRDA:53,18,0,9
BRDA:53,19,0,4
BRDA:53,20,0,9
BRDA:53,21,0,0
BRDA:53,22,0,12
BRDA:53,23,0,13
BRDA:53,24,0,13
BRDA:53,25,0,0
BRDA:53,26,0,26
BRDA:53,27,0,0
BRDA:53,28,0,0
BRDA:53,29,0,0
BRDA:53,30,0,0
BRDA:53,31,0,13
BRDA:53,32,0,13
BRDA:53,33,0,9
BRDA:53,34,0,0
BRDA:53,35,0,0
BRDA:53,36,0,4
BRDA:53,37,0,0
BRDA:53,38,0,1
BRDA:53,39,0,0
BRDA:53,40,0,0
BRDA:53,41,0,0
BRDA:53,42,0,0
BRDA:53,43,0,13
BRDA:53,44,0,10
BRDA:53,45,0,3
BRDA:53,46,0,13
BRDA:53,47,0,4
BRDA:53,48,0,3
BRDA:53,49,0,1
BRDA:53,50,0,0
BRDA:53,51,0,1
BRDA:53,52,0,0
BRDA:15,53,0,1
BRDA:16,54,0,4
BRDA:27,55,0,4
BRDA:53,56,0,4
BRDA:53,57,0,13
BRDA:28,58,0,4
BRDA:53,59,0,4
BRDA:30,60,0,1
BRDA:32,61,0,3
BRDA:53,62,0,3
BRDA:36,63,0,1
BRDA:38,64,0,2
BRDA:43,65,0,1
BRDA:53,66,0,1
BRDA:53,67,0,1
BRF:68
BRH:48
end_of_record
TN:
SF:src/modules/users/services/SendForgotPasswordEmailService.ts
FN:61,__decorate
FN:61,__metadata
FN:61,__param
FN:61,__awaiter
FN:61,adopt
FN:61,fulfilled
FN:61,rejected
FN:61,step
FN:61,__generator
FN:61,sent
FN:61,g.<computed>
FN:61,verb
FN:61,step
FN:61,__importDefault
FN:17,SendForgotEmailPassword
FN:28,SendForgotEmailPassword.execute
FNF:16
FNH:14
FNDA:1,__decorate
FNDA:1,__metadata
FNDA:3,__param
FNDA:3,__awaiter
FNDA:7,adopt
FNDA:7,fulfilled
FNDA:0,rejected
FNDA:9,step
FNDA:3,__generator
FNDA:7,sent
FNDA:0,g.<computed>
FNDA:9,verb
FNDA:10,step
FNDA:2,__importDefault
FNDA:3,SendForgotEmailPassword
FNDA:3,SendForgotEmailPassword.execute
DA:1,1
DA:2,1
DA:3,1
DA:4,1
DA:5,1
DA:6,1
DA:7,1
DA:8,1
DA:9,1
DA:10,1
DA:11,1
DA:12,1
DA:13,1
DA:14,1
DA:15,1
DA:16,1
DA:17,1
DA:18,3
DA:19,3
DA:20,3
DA:21,3
DA:22,3
DA:23,3
DA:24,3
DA:25,3
DA:26,3
DA:27,1
DA:28,1
DA:29,3
DA:30,3
DA:31,3
DA:32,1
DA:33,1
DA:34,2
DA:35,2
DA:36,3
DA:37,3
DA:38,3
DA:39,3
DA:40,3
DA:41,3
DA:42,3
DA:43,3
DA:44,3
DA:45,3
DA:46,3
DA:47,3
DA:48,3
DA:49,3
DA:50,3
DA:51,3
DA:52,3
DA:53,3
DA:54,3
DA:55,3
DA:56,3
DA:57,3
DA:58,3
DA:59,1
DA:60,1
DA:61,1
LF:61
LH:61
BRDA:61,0,0,1
BRDA:61,1,0,1
BRDA:61,2,0,0
BRDA:61,3,0,0
BRDA:61,4,0,0
BRDA:61,5,0,0
BRDA:61,6,0,1
BRDA:61,7,0,3
BRDA:61,8,0,3
BRDA:61,9,0,3
BRDA:61,10,0,7
BRDA:61,11,0,0
BRDA:61,12,0,3
BRDA:61,13,0,7
BRDA:61,14,0,6
BRDA:61,15,0,1
BRDA:61,16,0,9
BRDA:61,17,0,2
BRDA:61,18,0,7
BRDA:61,19,0,3
BRDA:61,20,0,7
BRDA:61,21,0,0
BRDA:61,22,0,9
BRDA:61,23,0,10
BRDA:61,24,0,10
BRDA:61,25,0,0
BRDA:61,26,0,20
BRDA:61,27,0,0
BRDA:61,28,0,0
BRDA:61,29,0,0
BRDA:61,30,0,0
BRDA:61,31,0,10
BRDA:61,32,0,10
BRDA:61,33,0,7
BRDA:61,34,0,0
BRDA:61,35,0,0
BRDA:61,36,0,3
BRDA:61,37,0,0
BRDA:61,38,0,2
BRDA:61,39,0,0
BRDA:61,40,0,0
BRDA:61,41,0,0
BRDA:61,42,0,0
BRDA:61,43,0,10
BRDA:61,44,0,9
BRDA:61,45,0,1
BRDA:61,46,0,10
BRDA:61,47,0,3
BRDA:61,48,0,1
BRDA:61,49,0,2
BRDA:61,50,0,0
BRDA:61,51,0,2
BRDA:61,52,0,1
BRDA:61,53,0,1
BRDA:16,54,0,1
BRDA:17,55,0,3
BRDA:28,56,0,3
BRDA:61,57,0,3
BRDA:61,58,0,10
BRDA:29,59,0,3
BRDA:61,60,0,3
BRDA:31,61,0,1
BRDA:33,62,0,2
BRDA:61,63,0,2
BRDA:61,64,0,2
BRF:65
BRH:46
end_of_record
TN:
SF:src/modules/users/services/ShowProfileService.ts
FN:30,__decorate
FN:30,__metadata
FN:30,__param
FN:30,__awaiter
FN:30,adopt
FN:30,fulfilled
FN:30,rejected
FN:30,step
FN:30,__generator
FN:30,sent
FN:30,g.<computed>
FN:30,verb
FN:30,step
FN:30,__importDefault
FN:14,ShowProfileService
FN:19,ShowProfileService.execute
FNF:16
FNH:14
FNDA:1,__decorate
FNDA:1,__metadata
FNDA:1,__param
FNDA:2,__awaiter
FNDA:2,adopt
FNDA:2,fulfilled
FNDA:0,rejected
FNDA:3,step
FNDA:2,__generator
FNDA:2,sent
FNDA:0,g.<computed>
FNDA:6,verb
FNDA:4,step
FNDA:1,__importDefault
FNDA:2,ShowProfileService
FNDA:2,ShowProfileService.execute
DA:1,1
DA:2,1
DA:3,1
DA:4,1
DA:5,1
DA:6,1
DA:7,1
DA:8,1
DA:9,1
DA:10,1
DA:11,1
DA:12,1
DA:13,1
DA:14,1
DA:15,2
DA:16,2
DA:17,2
DA:18,1
DA:19,1
DA:20,2
DA:21,2
DA:22,2
DA:23,1
DA:24,1
DA:25,1
DA:26,1
DA:27,2
DA:28,1
DA:29,1
DA:30,1
LF:30
LH:30
BRDA:30,0,0,1
BRDA:30,1,0,1
BRDA:30,2,0,0
BRDA:30,3,0,0
BRDA:30,4,0,0
BRDA:30,5,0,0
BRDA:30,6,0,1
BRDA:30,7,0,1
BRDA:30,8,0,1
BRDA:30,9,0,2
BRDA:30,10,0,2
BRDA:30,11,0,0
BRDA:30,12,0,2
BRDA:30,13,0,2
BRDA:30,14,0,1
BRDA:30,15,0,3
BRDA:30,16,0,1
BRDA:30,17,0,2
BRDA:30,18,0,2
BRDA:30,19,0,2
BRDA:30,20,0,0
BRDA:30,21,0,6
BRDA:30,22,0,4
BRDA:30,23,0,4
BRDA:30,24,0,0
BRDA:30,25,0,8
BRDA:30,26,0,0
BRDA:30,27,0,0
BRDA:30,28,0,0
BRDA:30,29,0,0
BRDA:30,30,0,4
BRDA:30,31,0,4
BRDA:30,32,0,2
BRDA:30,33,0,0
BRDA:30,34,0,0
BRDA:30,35,0,2
BRDA:30,36,0,0
BRDA:30,37,0,1
BRDA:30,38,0,0
BRDA:30,39,0,0
BRDA:30,40,0,0
BRDA:30,41,0,0
BRDA:30,42,0,4
BRDA:30,43,0,3
BRDA:30,44,0,1
BRDA:30,45,0,4
BRDA:30,46,0,2
BRDA:30,47,0,1
BRDA:30,48,0,0
BRDA:30,49,0,1
BRDA:30,50,0,0
BRDA:13,51,0,1
BRDA:14,52,0,2
BRDA:19,53,0,2
BRDA:30,54,0,2
BRDA:30,55,0,4
BRDA:20,56,0,2
BRDA:30,57,0,2
BRDA:22,58,0,1
BRF:59
BRH:39
end_of_record
TN:
SF:src/modules/users/services/UpdateProfileService.ts
FN:73,__decorate
FN:73,__metadata
FN:73,__param
FN:73,__awaiter
FN:73,adopt
FN:73,fulfilled
FN:73,rejected
FN:73,step
FN:73,__generator
FN:73,sent
FN:73,g.<computed>
FN:73,verb
FN:73,step
FN:73,__importDefault
FN:19,UpdateUserAvatarService
FN:27,UpdateUserAvatarService.execute
FNF:16
FNH:14
FNDA:1,__decorate
FNDA:1,__metadata
FNDA:2,__param
FNDA:6,__awaiter
FNDA:14,adopt
FNDA:14,fulfilled
FNDA:0,rejected
FNDA:16,step
FNDA:6,__generator
FNDA:14,sent
FNDA:0,g.<computed>
FNDA:18,verb
FNDA:20,step
FNDA:1,__importDefault
FNDA:6,UpdateUserAvatarService
FNDA:6,UpdateUserAvatarService.execute
DA:1,1
DA:2,1
DA:3,1
DA:4,1
DA:5,1
DA:6,1
DA:7,1
DA:8,1
DA:9,1
DA:10,1
DA:11,1
DA:12,1
DA:13,1
DA:14,1
DA:15,1
DA:16,1
DA:17,1
DA:18,1
DA:19,1
DA:20,6
DA:21,6
DA:22,6
DA:23,6
DA:24,6
DA:25,6
DA:26,1
DA:27,1
DA:28,6
DA:29,6
DA:30,6
DA:31,6
DA:32,6
DA:33,6
DA:34,6
DA:35,6
DA:36,6
DA:37,1
DA:38,1
DA:39,5
DA:40,5
DA:41,6
DA:42,6
DA:43,1
DA:44,1
DA:45,4
DA:46,4
DA:47,4
DA:48,4
DA:49,6
DA:50,1
DA:51,1
DA:52,1
DA:53,1
DA:54,3
DA:55,6
DA:56,2
DA:57,2
DA:58,2
DA:59,2
DA:60,6
DA:61,6
DA:62,6
DA:63,6
DA:64,6
DA:65,6
DA:66,1
DA:67,6
DA:68,6
DA:69,6
DA:70,6
DA:71,1
DA:72,1
DA:73,1
LF:73
LH:73
BRDA:73,0,0,1
BRDA:73,1,0,1
BRDA:73,2,0,0
BRDA:73,3,0,0
BRDA:73,4,0,0
BRDA:73,5,0,0
BRDA:73,6,0,1
BRDA:73,7,0,2
BRDA:73,8,0,2
BRDA:73,9,0,6
BRDA:73,10,0,14
BRDA:73,11,0,0
BRDA:73,12,0,6
BRDA:73,13,0,14
BRDA:73,14,0,10
BRDA:73,15,0,4
BRDA:73,16,0,16
BRDA:73,17,0,2
BRDA:73,18,0,14
BRDA:73,19,0,6
BRDA:73,20,0,14
BRDA:73,21,0,0
BRDA:73,22,0,18
BRDA:73,23,0,20
BRDA:73,24,0,20
BRDA:73,25,0,0
BRDA:73,26,0,42
BRDA:73,27,0,0
BRDA:73,28,0,0
BRDA:73,29,0,0
BRDA:73,30,0,0
BRDA:73,31,0,20
BRDA:73,32,0,20
BRDA:73,33,0,14
BRDA:73,34,0,0
BRDA:73,35,0,0
BRDA:73,36,0,8
BRDA:73,37,0,0
BRDA:73,38,0,4
BRDA:73,39,0,6
BRDA:73,40,0,2
BRDA:73,41,0,0
BRDA:73,42,0,2
BRDA:73,43,0,0
BRDA:73,44,0,0
BRDA:73,45,0,0
BRDA:73,46,0,22
BRDA:73,47,0,18
BRDA:73,48,0,4
BRDA:73,49,0,22
BRDA:73,50,0,6
BRDA:73,51,0,4
BRDA:73,52,0,2
BRDA:73,53,0,0
BRDA:73,54,0,1
BRDA:73,55,0,0
BRDA:18,56,0,1
BRDA:19,57,0,6
BRDA:27,58,0,6
BRDA:73,59,0,6
BRDA:73,60,0,22
BRDA:34,61,0,6
BRDA:73,62,0,6
BRDA:36,63,0,1
BRDA:38,64,0,5
BRDA:73,65,0,5
BRDA:42,66,0,1
BRDA:42,67,0,1
BRDA:44,68,0,4
BRDA:49,69,0,3
BRDA:49,70,0,1
BRDA:53,71,0,3
BRDA:55,72,0,2
BRDA:55,73,0,1
BRDA:55,74,0,2
BRDA:73,75,0,2
BRDA:73,76,0,1
BRDA:73,77,0,2
BRDA:65,78,0,1
BRDA:73,79,0,1
BRDA:69,80,0,2
BRF:81
BRH:61
end_of_record
TN:
SF:src/modules/users/services/UpdateUserAvatarService.ts
FN:48,__decorate
FN:48,__metadata
FN:48,__param
FN:48,__awaiter
FN:48,adopt
FN:48,fulfilled
FN:48,rejected
FN:48,step
FN:48,__generator
FN:48,sent
FN:48,g.<computed>
FN:48,verb
FN:48,step
FN:48,__importDefault
FN:19,UpdateUserAvatarService
FN:27,UpdateUserAvatarService.execute
FNF:16
FNH:14
FNDA:1,__decorate
FNDA:1,__metadata
FNDA:2,__param
FNDA:4,__awaiter
FNDA:11,adopt
FNDA:11,fulfilled
FNDA:0,rejected
FNDA:14,step
FNDA:4,__generator
FNDA:11,sent
FNDA:0,g.<computed>
FNDA:12,verb
FNDA:15,step
FNDA:1,__importDefault
FNDA:3,UpdateUserAvatarService
FNDA:4,UpdateUserAvatarService.execute
DA:1,1
DA:2,1
DA:3,1
DA:4,1
DA:5,1
DA:6,1
DA:7,1
DA:8,1
DA:9,1
DA:10,1
DA:11,1
DA:12,1
DA:13,1
DA:14,1
DA:15,1
DA:16,1
DA:17,1
DA:18,1
DA:19,1
DA:20,3
DA:21,3
DA:22,3
DA:23,3
DA:24,3
DA:25,3
DA:26,1
DA:27,1
DA:28,4
DA:29,4
DA:30,4
DA:31,1
DA:32,1
DA:33,3
DA:34,3
DA:35,1
DA:36,4
DA:37,4
DA:38,4
DA:39,4
DA:40,4
DA:41,4
DA:42,4
DA:43,4
DA:44,4
DA:45,4
DA:46,1
DA:47,1
DA:48,1
LF:48
LH:48
BRDA:48,0,0,1
BRDA:48,1,0,1
BRDA:48,2,0,0
BRDA:48,3,0,0
BRDA:48,4,0,0
BRDA:48,5,0,0
BRDA:48,6,0,1
BRDA:48,7,0,2
BRDA:48,8,0,2
BRDA:48,9,0,4
BRDA:48,10,0,11
BRDA:48,11,0,0
BRDA:48,12,0,4
BRDA:48,13,0,11
BRDA:48,14,0,10
BRDA:48,15,0,1
BRDA:48,16,0,14
BRDA:48,17,0,3
BRDA:48,18,0,11
BRDA:48,19,0,4
BRDA:48,20,0,11
BRDA:48,21,0,0
BRDA:48,22,0,12
BRDA:48,23,0,15
BRDA:48,24,0,15
BRDA:48,25,0,0
BRDA:48,26,0,32
BRDA:48,27,0,0
BRDA:48,28,0,0
BRDA:48,29,0,0
BRDA:48,30,0,0
BRDA:48,31,0,15
BRDA:48,32,0,15
BRDA:48,33,0,11
BRDA:48,34,0,0
BRDA:48,35,0,0
BRDA:48,36,0,6
BRDA:48,37,0,0
BRDA:48,38,0,5
BRDA:48,39,0,4
BRDA:48,40,0,2
BRDA:48,41,0,0
BRDA:48,42,0,2
BRDA:48,43,0,0
BRDA:48,44,0,0
BRDA:48,45,0,0
BRDA:48,46,0,17
BRDA:48,47,0,16
BRDA:48,48,0,1
BRDA:48,49,0,17
BRDA:48,50,0,4
BRDA:48,51,0,1
BRDA:48,52,0,3
BRDA:48,53,0,0
BRDA:48,54,0,1
BRDA:48,55,0,0
BRDA:18,56,0,1
BRDA:19,57,0,3
BRDA:27,58,0,4
BRDA:48,59,0,4
BRDA:48,60,0,17
BRDA:28,61,0,4
BRDA:48,62,0,4
BRDA:30,63,0,1
BRDA:32,64,0,3
BRDA:34,65,0,2
BRDA:34,66,0,1
BRDA:48,67,0,1
BRDA:38,68,0,3
BRDA:48,69,0,3
BRDA:48,70,0,3
BRF:71
BRH:51
end_of_record
